# JRE version: Java(TM) SE Runtime Environment (8.0_40-b25) (build 1.8.0_40-b25)
# Java VM: Java HotSpot(TM) 64-Bit Server VM (25.40-b25 mixed mode windows-amd64 compressed oops)
Heap:
 PSYoungGen      total 123904K, used 66875K [0x00000000eab00000, 0x00000000f6c80000, 0x0000000100000000)
  eden space 97280K, 68% used [0x00000000eab00000,0x00000000eec4ece0,0x00000000f0a00000)
  from space 26624K, 0% used [0x00000000f3080000,0x00000000f3080000,0x00000000f4a80000)
  to   space 39424K, 0% used [0x00000000f0a00000,0x00000000f0a00000,0x00000000f3080000)
 ParOldGen       total 97792K, used 50941K [0x00000000c0000000, 0x00000000c5f80000, 0x00000000eab00000)
  object space 97792K, 52% used [0x00000000c0000000,0x00000000c31bf770,0x00000000c5f80000)
 Metaspace       used 5698K, capacity 6960K, committed 7040K, reserved 1056768K
  class space    used 550K, capacity 616K, committed 640K, reserved 1048576K
GC Heap History (10 events):
Event: 6.336 GC heap before
{Heap before GC invocations=4 (full 1):
 PSYoungGen      total 35328K, used 2532K [0x00000000eab00000, 0x00000000ef000000, 0x0000000100000000)
  eden space 32768K, 0% used [0x00000000eab00000,0x00000000eab00000,0x00000000ecb00000)
  from space 2560K, 98% used [0x00000000ecb00000,0x00000000ecd79208,0x00000000ecd80000)
  to   space 2560K, 0% used [0x00000000eed80000,0x00000000eed80000,0x00000000ef000000)
 ParOldGen       total 44032K, used 41135K [0x00000000c0000000, 0x00000000c2b00000, 0x00000000eab00000)
  object space 44032K, 93% used [0x00000000c0000000,0x00000000c282bc98,0x00000000c2b00000)
 Metaspace       used 5217K, capacity 6576K, committed 6784K, reserved 1056768K
  class space    used 538K, capacity 616K, committed 640K, reserved 1048576K
Event: 7.022 GC heap after
Heap after GC invocations=4 (full 1):
 PSYoungGen      total 35328K, used 0K [0x00000000eab00000, 0x00000000ef000000, 0x0000000100000000)
  eden space 32768K, 0% used [0x00000000eab00000,0x00000000eab00000,0x00000000ecb00000)
  from space 2560K, 0% used [0x00000000ecb00000,0x00000000ecb00000,0x00000000ecd80000)
  to   space 2560K, 0% used [0x00000000eed80000,0x00000000eed80000,0x00000000ef000000)
 ParOldGen       total 84480K, used 39912K [0x00000000c0000000, 0x00000000c5280000, 0x00000000eab00000)
  object space 84480K, 47% used [0x00000000c0000000,0x00000000c26fa2a0,0x00000000c5280000)
 Metaspace       used 5217K, capacity 6576K, committed 6784K, reserved 1056768K
  class space    used 538K, capacity 616K, committed 640K, reserved 1048576K
}
Event: 7.526 GC heap before
{Heap before GC invocations=5 (full 1):
 PSYoungGen      total 35328K, used 32768K [0x00000000eab00000, 0x00000000ef000000, 0x0000000100000000)
  eden space 32768K, 100% used [0x00000000eab00000,0x00000000ecb00000,0x00000000ecb00000)
  from space 2560K, 0% used [0x00000000ecb00000,0x00000000ecb00000,0x00000000ecd80000)
  to   space 2560K, 0% used [0x00000000eed80000,0x00000000eed80000,0x00000000ef000000)
 ParOldGen       total 84480K, used 39912K [0x00000000c0000000, 0x00000000c5280000, 0x00000000eab00000)
  object space 84480K, 47% used [0x00000000c0000000,0x00000000c26fa2a0,0x00000000c5280000)
 Metaspace       used 5310K, capacity 6640K, committed 6784K, reserved 1056768K
  class space    used 540K, capacity 616K, committed 640K, reserved 1048576K
Event: 7.976 GC heap after
Heap after GC invocations=5 (full 1):
 PSYoungGen      total 62976K, used 2560K [0x00000000eab00000, 0x00000000ef000000, 0x0000000100000000)
  eden space 60416K, 0% used [0x00000000eab00000,0x00000000eab00000,0x00000000ee600000)
  from space 2560K, 100% used [0x00000000eed80000,0x00000000ef000000,0x00000000ef000000)
  to   space 2560K, 0% used [0x00000000eeb00000,0x00000000eeb00000,0x00000000eed80000)
 ParOldGen       total 84480K, used 43618K [0x00000000c0000000, 0x00000000c5280000, 0x00000000eab00000)
  object space 84480K, 51% used [0x00000000c0000000,0x00000000c2a98a90,0x00000000c5280000)
 Metaspace       used 5310K, capacity 6640K, committed 6784K, reserved 1056768K
  class space    used 540K, capacity 616K, committed 640K, reserved 1048576K
}
Event: 9.797 GC heap before
{Heap before GC invocations=6 (full 1):
 PSYoungGen      total 62976K, used 62976K [0x00000000eab00000, 0x00000000ef000000, 0x0000000100000000)
  eden space 60416K, 100% used [0x00000000eab00000,0x00000000ee600000,0x00000000ee600000)
  from space 2560K, 100% used [0x00000000eed80000,0x00000000ef000000,0x00000000ef000000)
  to   space 2560K, 0% used [0x00000000eeb00000,0x00000000eeb00000,0x00000000eed80000)
 ParOldGen       total 84480K, used 43618K [0x00000000c0000000, 0x00000000c5280000, 0x00000000eab00000)
  object space 84480K, 51% used [0x00000000c0000000,0x00000000c2a98a90,0x00000000c5280000)
 Metaspace       used 5564K, capacity 6832K, committed 7040K, reserved 1056768K
  class space    used 548K, capacity 616K, committed 640K, reserved 1048576K
Event: 10.149 GC heap after
Heap after GC invocations=6 (full 1):
 PSYoungGen      total 68096K, used 2528K [0x00000000eab00000, 0x00000000f4a80000, 0x0000000100000000)
  eden space 65536K, 0% used [0x00000000eab00000,0x00000000eab00000,0x00000000eeb00000)
  from space 2560K, 98% used [0x00000000eeb00000,0x00000000eed78010,0x00000000eed80000)
  to   space 26624K, 0% used [0x00000000f3080000,0x00000000f3080000,0x00000000f4a80000)
 ParOldGen       total 84480K, used 56536K [0x00000000c0000000, 0x00000000c5280000, 0x00000000eab00000)
  object space 84480K, 66% used [0x00000000c0000000,0x00000000c3736118,0x00000000c5280000)
 Metaspace       used 5564K, capacity 6832K, committed 7040K, reserved 1056768K
  class space    used 548K, capacity 616K, committed 640K, reserved 1048576K
}
Event: 12.681 GC heap before
{Heap before GC invocations=7 (full 1):
 PSYoungGen      total 68096K, used 68064K [0x00000000eab00000, 0x00000000f4a80000, 0x0000000100000000)
  eden space 65536K, 100% used [0x00000000eab00000,0x00000000eeb00000,0x00000000eeb00000)
  from space 2560K, 98% used [0x00000000eeb00000,0x00000000eed78010,0x00000000eed80000)
  to   space 26624K, 0% used [0x00000000f3080000,0x00000000f3080000,0x00000000f4a80000)
 ParOldGen       total 84480K, used 56536K [0x00000000c0000000, 0x00000000c5280000, 0x00000000eab00000)
  object space 84480K, 66% used [0x00000000c0000000,0x00000000c3736118,0x00000000c5280000)
 Metaspace       used 5564K, capacity 6832K, committed 7040K, reserved 1056768K
  class space    used 548K, capacity 616K, committed 640K, reserved 1048576K
Event: 14.498 GC heap after
Heap after GC invocations=7 (full 1):
 PSYoungGen      total 123904K, used 26610K [0x00000000eab00000, 0x00000000f6c80000, 0x0000000100000000)
  eden space 97280K, 0% used [0x00000000eab00000,0x00000000eab00000,0x00000000f0a00000)
  from space 26624K, 99% used [0x00000000f3080000,0x00000000f4a7cbe8,0x00000000f4a80000)
  to   space 39424K, 0% used [0x00000000f0a00000,0x00000000f0a00000,0x00000000f3080000)
 ParOldGen       total 84480K, used 70768K [0x00000000c0000000, 0x00000000c5280000, 0x00000000eab00000)
  object space 84480K, 83% used [0x00000000c0000000,0x00000000c451c118,0x00000000c5280000)
 Metaspace       used 5564K, capacity 6832K, committed 7040K, reserved 1056768K
  class space    used 548K, capacity 616K, committed 640K, reserved 1048576K
}
Event: 14.498 GC heap before
{Heap before GC invocations=8 (full 2):
 PSYoungGen      total 123904K, used 26610K [0x00000000eab00000, 0x00000000f6c80000, 0x0000000100000000)
  eden space 97280K, 0% used [0x00000000eab00000,0x00000000eab00000,0x00000000f0a00000)
  from space 26624K, 99% used [0x00000000f3080000,0x00000000f4a7cbe8,0x00000000f4a80000)
  to   space 39424K, 0% used [0x00000000f0a00000,0x00000000f0a00000,0x00000000f3080000)
 ParOldGen       total 84480K, used 70768K [0x00000000c0000000, 0x00000000c5280000, 0x00000000eab00000)
  object space 84480K, 83% used [0x00000000c0000000,0x00000000c451c118,0x00000000c5280000)
 Metaspace       used 5564K, capacity 6832K, committed 7040K, reserved 1056768K
  class space    used 548K, capacity 616K, committed 640K, reserved 1048576K
Event: 15.461 GC heap after
Heap after GC invocations=8 (full 2):
 PSYoungGen      total 123904K, used 0K [0x00000000eab00000, 0x00000000f6c80000, 0x0000000100000000)
  eden space 97280K, 0% used [0x00000000eab00000,0x00000000eab00000,0x00000000f0a00000)
  from space 26624K, 0% used [0x00000000f3080000,0x00000000f3080000,0x00000000f4a80000)
  to   space 39424K, 0% used [0x00000000f0a00000,0x00000000f0a00000,0x00000000f3080000)
 ParOldGen       total 97792K, used 50941K [0x00000000c0000000, 0x00000000c5f80000, 0x00000000eab00000)
  object space 97792K, 52% used [0x00000000c0000000,0x00000000c31bf770,0x00000000c5f80000)
 Metaspace       used 5564K, capacity 6832K, committed 7040K, reserved 1056768K
  class space    used 548K, capacity 616K, committed 640K, reserved 1048576K
}

